mode: set
github.com/sde-kiran-sadvilkar/sope/helpers.go:5.55,10.24 3 0
github.com/sde-kiran-sadvilkar/sope/helpers.go:10.24,13.17 2 0
github.com/sde-kiran-sadvilkar/sope/helpers.go:13.17,15.4 1 0
github.com/sde-kiran-sadvilkar/sope/helpers.go:18.2,18.12 1 0
github.com/sde-kiran-sadvilkar/sope/helpers.go:21.55,23.23 2 0
github.com/sde-kiran-sadvilkar/sope/helpers.go:23.23,26.17 2 0
github.com/sde-kiran-sadvilkar/sope/helpers.go:26.17,28.4 1 0
github.com/sde-kiran-sadvilkar/sope/helpers.go:30.3,30.31 1 0
github.com/sde-kiran-sadvilkar/sope/helpers.go:30.31,32.4 1 0
github.com/sde-kiran-sadvilkar/sope/helpers.go:36.2,36.12 1 0
github.com/sde-kiran-sadvilkar/sope/routes.go:11.37,17.13 4 0
github.com/sde-kiran-sadvilkar/sope/routes.go:17.13,19.3 1 0
github.com/sde-kiran-sadvilkar/sope/routes.go:21.2,23.60 2 0
github.com/sde-kiran-sadvilkar/sope/routes.go:23.60,25.3 1 0
github.com/sde-kiran-sadvilkar/sope/routes.go:27.2,27.12 1 0
github.com/sde-kiran-sadvilkar/sope/sope.go:38.43,49.16 3 0
github.com/sde-kiran-sadvilkar/sope/sope.go:49.16,51.3 1 0
github.com/sde-kiran-sadvilkar/sope/sope.go:54.2,56.14 2 0
github.com/sde-kiran-sadvilkar/sope/sope.go:56.14,58.3 1 0
github.com/sde-kiran-sadvilkar/sope/sope.go:61.2,63.14 2 0
github.com/sde-kiran-sadvilkar/sope/sope.go:63.14,65.3 1 0
github.com/sde-kiran-sadvilkar/sope/sope.go:67.2,91.12 12 0
github.com/sde-kiran-sadvilkar/sope/sope.go:95.30,108.2 4 0
github.com/sde-kiran-sadvilkar/sope/sope.go:110.40,112.37 2 0
github.com/sde-kiran-sadvilkar/sope/sope.go:112.37,114.17 2 0
github.com/sde-kiran-sadvilkar/sope/sope.go:114.17,116.4 1 0
github.com/sde-kiran-sadvilkar/sope/sope.go:119.2,119.12 1 0
github.com/sde-kiran-sadvilkar/sope/sope.go:122.47,125.16 2 0
github.com/sde-kiran-sadvilkar/sope/sope.go:125.16,127.3 1 0
github.com/sde-kiran-sadvilkar/sope/sope.go:129.2,129.12 1 0
github.com/sde-kiran-sadvilkar/sope/sope.go:132.56,146.2 8 0
github.com/sde-kiran-sadvilkar/sope/sope.go:148.33,159.2 2 0
github.com/sde-kiran-sadvilkar/sope/render/render.go:35.111,36.36 1 1
github.com/sde-kiran-sadvilkar/sope/render/render.go:37.12,38.39 1 1
github.com/sde-kiran-sadvilkar/sope/render/render.go:40.13,41.50 1 1
github.com/sde-kiran-sadvilkar/sope/render/render.go:43.11,43.11 0 0
github.com/sde-kiran-sadvilkar/sope/render/render.go:47.2,47.93 1 0
github.com/sde-kiran-sadvilkar/sope/render/render.go:50.107,53.14 2 1
github.com/sde-kiran-sadvilkar/sope/render/render.go:53.14,55.3 1 0
github.com/sde-kiran-sadvilkar/sope/render/render.go:57.2,59.15 2 1
github.com/sde-kiran-sadvilkar/sope/render/render.go:59.15,61.3 1 0
github.com/sde-kiran-sadvilkar/sope/render/render.go:63.2,65.16 2 1
github.com/sde-kiran-sadvilkar/sope/render/render.go:65.16,67.3 1 0
github.com/sde-kiran-sadvilkar/sope/render/render.go:69.2,69.12 1 1
github.com/sde-kiran-sadvilkar/sope/render/render.go:72.127,75.21 2 1
github.com/sde-kiran-sadvilkar/sope/render/render.go:75.21,77.3 1 1
github.com/sde-kiran-sadvilkar/sope/render/render.go:77.7,79.3 1 0
github.com/sde-kiran-sadvilkar/sope/render/render.go:82.2,84.16 2 1
github.com/sde-kiran-sadvilkar/sope/render/render.go:84.16,86.3 1 0
github.com/sde-kiran-sadvilkar/sope/render/render.go:88.2,90.14 2 1
github.com/sde-kiran-sadvilkar/sope/render/render.go:90.14,93.3 2 0
github.com/sde-kiran-sadvilkar/sope/render/render.go:95.2,97.16 2 1
github.com/sde-kiran-sadvilkar/sope/render/render.go:97.16,100.3 2 0
github.com/sde-kiran-sadvilkar/sope/render/render.go:102.2,102.12 1 1
